<?xml version="1.0" encoding="UTF-8"?>
<!-- Generated by org.testng.reporters.JUnitReportReporter -->
<testsuite hostname="BSC-PG02KE7A" failures="0" tests="2" name="com.testcases.GetApiTest" time="2.572" errors="0" timestamp="2024-03-16T00:26:46 IST" skipped="0">
  <testcase classname="com.testcases.GetApiTest" name="validateCustomerInfo" time="2.049"/>
  <system-out/>
  <testcase classname="com.testcases.GetApiTest" name="validateCustomerInfo" time="0.523"/>
  <system-out/>
</testsuite> <!-- com.testcases.GetApiTest -->
